<?xml version="1.0" encoding="UTF-8"?>
<!-- Generated by org.testng.reporters.JUnitReportReporter -->
<testsuite hostname="DESKTOP-88R09EB" failures="0" tests="2" name="com.tests.yaml.YamlDemoTest2" time="0.038" errors="0" timestamp="2023-07-17T10:22:50 IST" skipped="0">
  <testcase classname="com.tests.yaml.YamlDemoTest2" name="testFour" time="0.027"/>
  <system-out/>
  <testcase classname="com.tests.yaml.YamlDemoTest2" name="testThree" time="0.011"/>
  <system-out/>
</testsuite> <!-- com.tests.yaml.YamlDemoTest2 -->
