<?xml version="1.0" encoding="UTF-8"?>
<!-- Generated by org.testng.reporters.JUnitReportReporter -->
<testsuite hostname="DESKTOP-88R09EB" failures="0" tests="2" name="com.testng.dataproviders.MultipleDataProviderTestNGTest" time="0.027" errors="0" timestamp="2023-07-23T21:52:59 IST" skipped="0">
  <testcase classname="com.testng.dataproviders.MultipleDataProviderTestNGTest" name="createUser" time="0.020"/>
  <system-out/>
  <testcase classname="com.testng.dataproviders.MultipleDataProviderTestNGTest" name="updateUser" time="0.007"/>
  <system-out/>
</testsuite> <!-- com.testng.dataproviders.MultipleDataProviderTestNGTest -->
