<?xml version="1.0" encoding="UTF-8"?>
<!-- Generated by org.testng.reporters.JUnitReportReporter -->
<testsuite hostname="DESKTOP-88R09EB" failures="0" tests="4" name="com.testng.enabled.DemoTest1" time="0.044" errors="0" timestamp="2023-03-12T14:08:57 IST" skipped="0">
  <testcase classname="com.testng.enabled.DemoTest1" name="test4" time="0.004"/>
  <system-out/>
  <testcase classname="com.testng.enabled.DemoTest1" name="test3" time="0.008"/>
  <system-out/>
  <testcase classname="com.testng.enabled.DemoTest1" name="test1" time="0.028"/>
  <system-out/>
  <testcase classname="com.testng.enabled.DemoTest1" name="test2" time="0.004"/>
  <system-out/>
</testsuite> <!-- com.testng.enabled.DemoTest1 -->
