<?xml version="1.0" encoding="UTF-8"?>
<!-- Generated by org.testng.reporters.JUnitReportReporter -->
<testsuite hostname="DESKTOP-88R09EB" failures="0" tests="2" name="com.testng.timeout.TestNGTimeoutDemo" time="10.673" errors="0" timestamp="2023-08-01T22:40:24 IST" skipped="0">
  <testcase classname="com.testng.timeout.TestNGTimeoutDemo" name="googleLoadingTest" time="7.070"/>
  <system-out/>
  <testcase classname="com.testng.timeout.TestNGTimeoutDemo" name="swagLabsLoadingTest" time="3.603"/>
  <system-out/>
</testsuite> <!-- com.testng.timeout.TestNGTimeoutDemo -->
