<?xml version="1.0" encoding="UTF-8"?>
<!-- Generated by org.testng.reporters.JUnitReportReporter -->
<testsuite hostname="DESKTOP-88R09EB" failures="0" tests="2" name="com.testngconcepts.FirstTest" time="11.279" errors="0" timestamp="2023-03-09T13:39:01 IST" skipped="0">
  <testcase classname="com.testngconcepts.FirstTest" name="launchGoogleAndPrintTitleTest" time="7.085"/>
  <system-out/>
  <testcase classname="com.testngconcepts.FirstTest" name="launchSwagLabsAndPrintTitleTest" time="4.194"/>
  <system-out/>
</testsuite> <!-- com.testngconcepts.FirstTest -->
