<?xml version="1.0" encoding="UTF-8"?>
<!-- Generated by org.testng.reporters.JUnitReportReporter -->
<testsuite hostname="DESKTOP-88R09EB" failures="0" tests="4" name="com.testng.dataproviders.DataProviderParallelRunTest" time="0.101" errors="0" timestamp="2023-07-25T22:30:15 IST" skipped="0">
  <testcase classname="com.testng.dataproviders.DataProviderParallelRunTest" name="createUser" time="0.030"/>
  <system-out/>
  <testcase classname="com.testng.dataproviders.DataProviderParallelRunTest" name="createUser" time="0.024"/>
  <system-out/>
  <testcase classname="com.testng.dataproviders.DataProviderParallelRunTest" name="createUser" time="0.021"/>
  <system-out/>
  <testcase classname="com.testng.dataproviders.DataProviderParallelRunTest" name="createUser" time="0.026"/>
  <system-out/>
</testsuite> <!-- com.testng.dataproviders.DataProviderParallelRunTest -->
