<?xml version="1.0" encoding="UTF-8"?>
<!-- Generated by org.testng.reporters.JUnitReportReporter -->
<testsuite hostname="DESKTOP-88R09EB" failures="0" tests="6" name="com.testng.grouping.Grouping" time="0.087" errors="0" timestamp="2023-04-16T15:42:20 IST" skipped="0">
  <testcase classname="com.testng.grouping.Grouping" name="test4" time="0.004"/>
  <system-out/>
  <testcase classname="com.testng.grouping.Grouping" name="test1" time="0.037"/>
  <system-out/>
  <testcase classname="com.testng.grouping.Grouping" name="test6" time="0.024"/>
  <system-out/>
  <testcase classname="com.testng.grouping.Grouping" name="test3" time="0.009"/>
  <system-out/>
  <testcase classname="com.testng.grouping.Grouping" name="test5" time="0.010"/>
  <system-out/>
  <testcase classname="com.testng.grouping.Grouping" name="test2" time="0.003"/>
  <system-out/>
</testsuite> <!-- com.testng.grouping.Grouping -->
