<?xml version="1.0" encoding="UTF-8"?>
<!-- Generated by org.testng.reporters.JUnitReportReporter -->
<testsuite hostname="DESKTOP-88R09EB" failures="0" tests="3" name="com.testng.dataproviders.LoginTest" time="22.318" errors="0" timestamp="2023-04-26T22:27:33 IST" skipped="0">
  <testcase classname="com.testng.dataproviders.LoginTest" name="loginTest" time="9.138"/>
  <system-out/>
  <testcase classname="com.testng.dataproviders.LoginTest" name="loginTest" time="6.512"/>
  <system-out/>
  <testcase classname="com.testng.dataproviders.LoginTest" name="loginTest" time="6.668"/>
  <system-out/>
</testsuite> <!-- com.testng.dataproviders.LoginTest -->
