<?xml version="1.0" encoding="UTF-8"?>
<!-- Generated by org.testng.reporters.JUnitReportReporter -->
<testsuite hostname="DESKTOP-88R09EB" failures="0" tests="2" name="com.testng.preserve.ClassOne" time="0.030" errors="0" timestamp="2023-07-27T22:28:21 IST" skipped="0">
  <testcase classname="com.testng.preserve.ClassOne" name="secondTestCase" time="0.004"/>
  <system-out/>
  <testcase classname="com.testng.preserve.ClassOne" name="firstTestCase" time="0.026"/>
  <system-out/>
</testsuite> <!-- com.testng.preserve.ClassOne -->
