<?xml version="1.0" encoding="UTF-8"?>
<!-- Generated by org.testng.reporters.JUnitReportReporter -->
<testsuite hostname="DESKTOP-88R09EB" failures="0" tests="2" name="com.testng.sharedata.ShareDataFromOneTestToAnotherInSameClass" time="0.054" errors="0" timestamp="2023-08-17T18:50:02 IST" skipped="0">
  <testcase classname="com.testng.sharedata.ShareDataFromOneTestToAnotherInSameClass" name="createUser" time="0.029"/>
  <system-out/>
  <testcase classname="com.testng.sharedata.ShareDataFromOneTestToAnotherInSameClass" name="updateUser" time="0.025"/>
  <system-out/>
</testsuite> <!-- com.testng.sharedata.ShareDataFromOneTestToAnotherInSameClass -->
