<?xml version="1.0" encoding="UTF-8"?>
<!-- Generated by org.testng.reporters.JUnitReportReporter -->
<testsuite hostname="DESKTOP-88R09EB" failures="0" tests="2" name="com.testng.runmultiplexmlfiles.RegressionTest" time="0.006" errors="0" timestamp="2023-07-12T11:28:56 IST" skipped="0">
  <testcase classname="com.testng.runmultiplexmlfiles.RegressionTest" name="testFive" time="0.004"/>
  <system-out/>
  <testcase classname="com.testng.runmultiplexmlfiles.RegressionTest" name="testSix" time="0.002"/>
  <system-out/>
</testsuite> <!-- com.testng.runmultiplexmlfiles.RegressionTest -->
