<?xml version="1.0" encoding="UTF-8"?>
<!-- Generated by org.testng.reporters.JUnitReportReporter -->
<testsuite hostname="DESKTOP-88R09EB" failures="0" tests="2" name="com.test.yaml.RunTestNGSuiteUsingYamlFile" time="0.038" errors="0" timestamp="2023-07-17T10:01:01 IST" skipped="0">
  <testcase classname="com.test.yaml.RunTestNGSuiteUsingYamlFile" name="testOne" time="0.032"/>
  <system-out/>
  <testcase classname="com.test.yaml.RunTestNGSuiteUsingYamlFile" name="testTwo" time="0.006"/>
  <system-out/>
</testsuite> <!-- com.test.yaml.RunTestNGSuiteUsingYamlFile -->
