<?xml version="1.0" encoding="UTF-8"?>
<!-- Generated by org.testng.reporters.JUnitReportReporter -->
<testsuite hostname="DESKTOP-88R09EB" failures="0" tests="4" name="com.testng.enabled.DemoTest2" time="0.047" errors="0" timestamp="2023-03-12T14:09:22 IST" skipped="1">
  <testcase classname="com.testng.enabled.DemoTest2" name="test8" time="0.005"/>
  <system-out/>
  <testcase classname="com.testng.enabled.DemoTest2" name="test7" time="0.009"/>
  <system-out/>
  <testcase classname="com.testng.enabled.DemoTest2" name="test6" time="0.033"/>
  <system-out/>
  <testcase classname="com.testng.enabled.DemoTest2" name="test5">
    <skipped/>
  </testcase> <!-- test5 -->
  <system-out/>
</testsuite> <!-- com.testng.enabled.DemoTest2 -->
