<?xml version="1.0" encoding="UTF-8"?>
<!-- Generated by org.testng.reporters.JUnitReportReporter -->
<testsuite hostname="DESKTOP-88R09EB" failures="0" tests="2" name="com.testng.dataproviders.SingleDataProviderTestNGTest" time="0.040" errors="0" timestamp="2023-07-23T22:05:30 IST" skipped="0">
  <testcase classname="com.testng.dataproviders.SingleDataProviderTestNGTest" name="createUser" time="0.032"/>
  <system-out/>
  <testcase classname="com.testng.dataproviders.SingleDataProviderTestNGTest" name="updateUser" time="0.008"/>
  <system-out/>
</testsuite> <!-- com.testng.dataproviders.SingleDataProviderTestNGTest -->
