<?xml version="1.0" encoding="UTF-8"?>
<!-- Generated by org.testng.reporters.JUnitReportReporter -->
<testsuite hostname="DESKTOP-88R09EB" failures="0" tests="2" name="com.testng.runmultiplexmlfiles.SanityTest" time="0.013" errors="0" timestamp="2023-07-12T11:28:56 IST" skipped="0">
  <testcase classname="com.testng.runmultiplexmlfiles.SanityTest" name="testThree" time="0.006"/>
  <system-out/>
  <testcase classname="com.testng.runmultiplexmlfiles.SanityTest" name="testFour" time="0.007"/>
  <system-out/>
</testsuite> <!-- com.testng.runmultiplexmlfiles.SanityTest -->
