<?xml version="1.0" encoding="UTF-8"?>
<!-- Generated by org.testng.reporters.JUnitReportReporter -->
<testsuite hostname="DESKTOP-88R09EB" failures="0" tests="1" name="com.testng.sharedata.ShareDataFromOneTestToAnotherInDifferentClass" time="0.002" errors="0" timestamp="2023-08-17T18:50:02 IST" skipped="0">
  <testcase classname="com.testng.sharedata.ShareDataFromOneTestToAnotherInDifferentClass" name="updateUser" time="0.002"/>
  <system-out/>
</testsuite> <!-- com.testng.sharedata.ShareDataFromOneTestToAnotherInDifferentClass -->
