<?xml version="1.0" encoding="UTF-8"?>
<!-- Generated by org.testng.reporters.JUnitReportReporter -->
<testsuite hostname="DESKTOP-88R09EB" failures="0" tests="2" name="com.tests.yaml.YamlDemoTest" time="0.033" errors="0" timestamp="2023-07-17T10:21:26 IST" skipped="0">
  <testcase classname="com.tests.yaml.YamlDemoTest" name="testOne" time="0.025"/>
  <system-out/>
  <testcase classname="com.tests.yaml.YamlDemoTest" name="testTwo" time="0.008"/>
  <system-out/>
</testsuite> <!-- com.tests.yaml.YamlDemoTest -->
