<?xml version="1.0" encoding="UTF-8"?>
<!-- Generated by org.testng.reporters.JUnitReportReporter -->
<testsuite hostname="DESKTOP-88R09EB" failures="0" tests="2" name="com.testngconcepts.SampleTest" time="0.029" errors="0" timestamp="2023-03-12T12:31:50 IST" skipped="0">
  <testcase classname="com.testngconcepts.SampleTest" name="test2" time="0.012"/>
  <system-out/>
  <testcase classname="com.testngconcepts.SampleTest" name="test1" time="0.017"/>
  <system-out/>
</testsuite> <!-- com.testngconcepts.SampleTest -->
