<?xml version="1.0" encoding="UTF-8"?>
<!-- Generated by org.testng.reporters.JUnitReportReporter -->
<testsuite hostname="DESKTOP-88R09EB" failures="0" tests="2" name="com.testng.preserve.ClassThree" time="0.022" errors="0" timestamp="2023-07-27T22:28:21 IST" skipped="0">
  <testcase classname="com.testng.preserve.ClassThree" name="firstTestCase" time="0.011"/>
  <system-out/>
  <testcase classname="com.testng.preserve.ClassThree" name="secondTestCase" time="0.011"/>
  <system-out/>
</testsuite> <!-- com.testng.preserve.ClassThree -->
