<?xml version="1.0" encoding="UTF-8"?>
<!-- Generated by org.testng.reporters.JUnitReportReporter -->
<testsuite hostname="DESKTOP-88R09EB" failures="0" tests="2" name="com.testngconcepts.PriorityAndDescription" time="0.039" errors="0" timestamp="2023-03-09T21:39:30 IST" skipped="0">
  <testcase classname="com.testngconcepts.PriorityAndDescription" name="A" time="0.034"/>
  <system-out/>
  <testcase classname="com.testngconcepts.PriorityAndDescription" name="a" time="0.005"/>
  <system-out/>
</testsuite> <!-- com.testngconcepts.PriorityAndDescription -->
