<?xml version="1.0" encoding="UTF-8"?>
<!-- Generated by org.testng.reporters.JUnitReportReporter -->
<testsuite hostname="DESKTOP-88R09EB" failures="0" tests="3" name="com.testng.ignore.IgnoreTest1" time="0.036" errors="0" timestamp="2023-05-16T22:48:27 IST" skipped="0">
  <testcase classname="com.testng.ignore.IgnoreTest1" name="test3" time="0.004"/>
  <system-out/>
  <testcase classname="com.testng.ignore.IgnoreTest1" name="test1" time="0.029"/>
  <system-out/>
  <testcase classname="com.testng.ignore.IgnoreTest1" name="test2" time="0.003"/>
  <system-out/>
</testsuite> <!-- com.testng.ignore.IgnoreTest1 -->
