<?xml version="1.0" encoding="UTF-8"?>
<!-- Generated by org.testng.reporters.JUnitReportReporter -->
<testsuite hostname="DESKTOP-88R09EB" failures="0" tests="100" name="com.testngconcepts.InvocationCountTest" time="0.493" errors="0" timestamp="2023-03-09T23:25:44 IST" skipped="0">
  <testcase classname="com.testngconcepts.InvocationCountTest" name="testOne" time="0.002"/>
  <system-out/>
  <testcase classname="com.testngconcepts.InvocationCountTest" name="testOne" time="0.008"/>
  <system-out/>
  <testcase classname="com.testngconcepts.InvocationCountTest" name="testOne" time="0.009"/>
  <system-out/>
  <testcase classname="com.testngconcepts.InvocationCountTest" name="testOne" time="0.002"/>
  <system-out/>
  <testcase classname="com.testngconcepts.InvocationCountTest" name="testOne" time="0.005"/>
  <system-out/>
  <testcase classname="com.testngconcepts.InvocationCountTest" name="testOne" time="0.007"/>
  <system-out/>
  <testcase classname="com.testngconcepts.InvocationCountTest" name="testOne" time="0.003"/>
  <system-out/>
  <testcase classname="com.testngconcepts.InvocationCountTest" name="testOne" time="0.004"/>
  <system-out/>
  <testcase classname="com.testngconcepts.InvocationCountTest" name="testOne" time="0.003"/>
  <system-out/>
  <testcase classname="com.testngconcepts.InvocationCountTest" name="testOne" time="0.005"/>
  <system-out/>
  <testcase classname="com.testngconcepts.InvocationCountTest" name="testOne" time="0.005"/>
  <system-out/>
  <testcase classname="com.testngconcepts.InvocationCountTest" name="testOne" time="0.002"/>
  <system-out/>
  <testcase classname="com.testngconcepts.InvocationCountTest" name="testOne" time="0.001"/>
  <system-out/>
  <testcase classname="com.testngconcepts.InvocationCountTest" name="testOne" time="0.002"/>
  <system-out/>
  <testcase classname="com.testngconcepts.InvocationCountTest" name="testOne" time="0.007"/>
  <system-out/>
  <testcase classname="com.testngconcepts.InvocationCountTest" name="testOne" time="0.002"/>
  <system-out/>
  <testcase classname="com.testngconcepts.InvocationCountTest" name="testOne" time="0.002"/>
  <system-out/>
  <testcase classname="com.testngconcepts.InvocationCountTest" name="testOne" time="0.002"/>
  <system-out/>
  <testcase classname="com.testngconcepts.InvocationCountTest" name="testOne" time="0.006"/>
  <system-out/>
  <testcase classname="com.testngconcepts.InvocationCountTest" name="testOne" time="0.006"/>
  <system-out/>
  <testcase classname="com.testngconcepts.InvocationCountTest" name="testOne" time="0.003"/>
  <system-out/>
  <testcase classname="com.testngconcepts.InvocationCountTest" name="testOne" time="0.002"/>
  <system-out/>
  <testcase classname="com.testngconcepts.InvocationCountTest" name="testOne" time="0.003"/>
  <system-out/>
  <testcase classname="com.testngconcepts.InvocationCountTest" name="testOne" time="0.002"/>
  <system-out/>
  <testcase classname="com.testngconcepts.InvocationCountTest" name="testOne" time="0.003"/>
  <system-out/>
  <testcase classname="com.testngconcepts.InvocationCountTest" name="testOne" time="0.004"/>
  <system-out/>
  <testcase classname="com.testngconcepts.InvocationCountTest" name="testOne" time="0.002"/>
  <system-out/>
  <testcase classname="com.testngconcepts.InvocationCountTest" name="testOne" time="0.003"/>
  <system-out/>
  <testcase classname="com.testngconcepts.InvocationCountTest" name="testOne" time="0.002"/>
  <system-out/>
  <testcase classname="com.testngconcepts.InvocationCountTest" name="testOne" time="0.001"/>
  <system-out/>
  <testcase classname="com.testngconcepts.InvocationCountTest" name="testOne" time="0.001"/>
  <system-out/>
  <testcase classname="com.testngconcepts.InvocationCountTest" name="testOne" time="0.002"/>
  <system-out/>
  <testcase classname="com.testngconcepts.InvocationCountTest" name="testOne" time="0.005"/>
  <system-out/>
  <testcase classname="com.testngconcepts.InvocationCountTest" name="testOne" time="0.005"/>
  <system-out/>
  <testcase classname="com.testngconcepts.InvocationCountTest" name="testOne" time="0.002"/>
  <system-out/>
  <testcase classname="com.testngconcepts.InvocationCountTest" name="testOne" time="0.002"/>
  <system-out/>
  <testcase classname="com.testngconcepts.InvocationCountTest" name="testOne" time="0.007"/>
  <system-out/>
  <testcase classname="com.testngconcepts.InvocationCountTest" name="testOne" time="0.005"/>
  <system-out/>
  <testcase classname="com.testngconcepts.InvocationCountTest" name="testOne" time="0.003"/>
  <system-out/>
  <testcase classname="com.testngconcepts.InvocationCountTest" name="testOne" time="0.008"/>
  <system-out/>
  <testcase classname="com.testngconcepts.InvocationCountTest" name="testOne" time="0.003"/>
  <system-out/>
  <testcase classname="com.testngconcepts.InvocationCountTest" name="testOne" time="0.007"/>
  <system-out/>
  <testcase classname="com.testngconcepts.InvocationCountTest" name="testOne" time="0.004"/>
  <system-out/>
  <testcase classname="com.testngconcepts.InvocationCountTest" name="testOne" time="0.014"/>
  <system-out/>
  <testcase classname="com.testngconcepts.InvocationCountTest" name="testOne" time="0.001"/>
  <system-out/>
  <testcase classname="com.testngconcepts.InvocationCountTest" name="testOne" time="0.004"/>
  <system-out/>
  <testcase classname="com.testngconcepts.InvocationCountTest" name="testOne" time="0.009"/>
  <system-out/>
  <testcase classname="com.testngconcepts.InvocationCountTest" name="testOne" time="0.002"/>
  <system-out/>
  <testcase classname="com.testngconcepts.InvocationCountTest" name="testOne" time="0.002"/>
  <system-out/>
  <testcase classname="com.testngconcepts.InvocationCountTest" name="testOne" time="0.001"/>
  <system-out/>
  <testcase classname="com.testngconcepts.InvocationCountTest" name="testOne" time="0.008"/>
  <system-out/>
  <testcase classname="com.testngconcepts.InvocationCountTest" name="testOne" time="0.008"/>
  <system-out/>
  <testcase classname="com.testngconcepts.InvocationCountTest" name="testOne" time="0.002"/>
  <system-out/>
  <testcase classname="com.testngconcepts.InvocationCountTest" name="testOne" time="0.002"/>
  <system-out/>
  <testcase classname="com.testngconcepts.InvocationCountTest" name="testOne" time="0.001"/>
  <system-out/>
  <testcase classname="com.testngconcepts.InvocationCountTest" name="testOne" time="0.005"/>
  <system-out/>
  <testcase classname="com.testngconcepts.InvocationCountTest" name="testOne" time="0.001"/>
  <system-out/>
  <testcase classname="com.testngconcepts.InvocationCountTest" name="testOne" time="0.005"/>
  <system-out/>
  <testcase classname="com.testngconcepts.InvocationCountTest" name="testOne" time="0.005"/>
  <system-out/>
  <testcase classname="com.testngconcepts.InvocationCountTest" name="testOne" time="0.004"/>
  <system-out/>
  <testcase classname="com.testngconcepts.InvocationCountTest" name="testOne" time="0.002"/>
  <system-out/>
  <testcase classname="com.testngconcepts.InvocationCountTest" name="testOne" time="0.002"/>
  <system-out/>
  <testcase classname="com.testngconcepts.InvocationCountTest" name="testOne" time="0.002"/>
  <system-out/>
  <testcase classname="com.testngconcepts.InvocationCountTest" name="testOne" time="0.005"/>
  <system-out/>
  <testcase classname="com.testngconcepts.InvocationCountTest" name="testOne" time="0.003"/>
  <system-out/>
  <testcase classname="com.testngconcepts.InvocationCountTest" name="testOne" time="0.002"/>
  <system-out/>
  <testcase classname="com.testngconcepts.InvocationCountTest" name="testOne" time="0.003"/>
  <system-out/>
  <testcase classname="com.testngconcepts.InvocationCountTest" name="testOne" time="0.014"/>
  <system-out/>
  <testcase classname="com.testngconcepts.InvocationCountTest" name="testOne" time="0.008"/>
  <system-out/>
  <testcase classname="com.testngconcepts.InvocationCountTest" name="testOne" time="0.002"/>
  <system-out/>
  <testcase classname="com.testngconcepts.InvocationCountTest" name="testOne" time="0.006"/>
  <system-out/>
  <testcase classname="com.testngconcepts.InvocationCountTest" name="testOne" time="0.006"/>
  <system-out/>
  <testcase classname="com.testngconcepts.InvocationCountTest" name="testOne" time="0.001"/>
  <system-out/>
  <testcase classname="com.testngconcepts.InvocationCountTest" name="testOne" time="0.002"/>
  <system-out/>
  <testcase classname="com.testngconcepts.InvocationCountTest" name="testOne" time="0.008"/>
  <system-out/>
  <testcase classname="com.testngconcepts.InvocationCountTest" name="testOne" time="0.010"/>
  <system-out/>
  <testcase classname="com.testngconcepts.InvocationCountTest" name="testOne" time="0.002"/>
  <system-out/>
  <testcase classname="com.testngconcepts.InvocationCountTest" name="testOne" time="0.004"/>
  <system-out/>
  <testcase classname="com.testngconcepts.InvocationCountTest" name="testOne" time="0.018"/>
  <system-out/>
  <testcase classname="com.testngconcepts.InvocationCountTest" name="testOne" time="0.003"/>
  <system-out/>
  <testcase classname="com.testngconcepts.InvocationCountTest" name="testOne" time="0.003"/>
  <system-out/>
  <testcase classname="com.testngconcepts.InvocationCountTest" name="testOne" time="0.001"/>
  <system-out/>
  <testcase classname="com.testngconcepts.InvocationCountTest" name="testOne" time="0.002"/>
  <system-out/>
  <testcase classname="com.testngconcepts.InvocationCountTest" name="testOne" time="0.002"/>
  <system-out/>
  <testcase classname="com.testngconcepts.InvocationCountTest" name="testOne" time="0.032"/>
  <system-out/>
  <testcase classname="com.testngconcepts.InvocationCountTest" name="testOne" time="0.020"/>
  <system-out/>
  <testcase classname="com.testngconcepts.InvocationCountTest" name="testOne" time="0.011"/>
  <system-out/>
  <testcase classname="com.testngconcepts.InvocationCountTest" name="testOne" time="0.002"/>
  <system-out/>
  <testcase classname="com.testngconcepts.InvocationCountTest" name="testOne" time="0.005"/>
  <system-out/>
  <testcase classname="com.testngconcepts.InvocationCountTest" name="testOne" time="0.005"/>
  <system-out/>
  <testcase classname="com.testngconcepts.InvocationCountTest" name="testOne" time="0.004"/>
  <system-out/>
  <testcase classname="com.testngconcepts.InvocationCountTest" name="testOne" time="0.001"/>
  <system-out/>
  <testcase classname="com.testngconcepts.InvocationCountTest" name="testOne" time="0.005"/>
  <system-out/>
  <testcase classname="com.testngconcepts.InvocationCountTest" name="testOne" time="0.037"/>
  <system-out/>
  <testcase classname="com.testngconcepts.InvocationCountTest" name="testOne" time="0.003"/>
  <system-out/>
  <testcase classname="com.testngconcepts.InvocationCountTest" name="testOne" time="0.009"/>
  <system-out/>
  <testcase classname="com.testngconcepts.InvocationCountTest" name="testOne" time="0.001"/>
  <system-out/>
  <testcase classname="com.testngconcepts.InvocationCountTest" name="testOne" time="0.006"/>
  <system-out/>
  <testcase classname="com.testngconcepts.InvocationCountTest" name="testOne" time="0.003"/>
  <system-out/>
  <testcase classname="com.testngconcepts.InvocationCountTest" name="testOne" time="0.002"/>
  <system-out/>
</testsuite> <!-- com.testngconcepts.InvocationCountTest -->
