<?xml version="1.0" encoding="UTF-8"?>
<!-- Generated by org.testng.reporters.JUnitReportReporter -->
<testsuite hostname="DESKTOP-88R09EB" failures="0" tests="2" name="com.testngconcepts.SampleTest2" time="0.034" errors="0" timestamp="2023-03-12T12:37:49 IST" skipped="0">
  <testcase classname="com.testngconcepts.SampleTest2" name="test1" time="0.027"/>
  <system-out/>
  <testcase classname="com.testngconcepts.SampleTest2" name="test2" time="0.007"/>
  <system-out/>
</testsuite> <!-- com.testngconcepts.SampleTest2 -->
