<?xml version="1.0" encoding="UTF-8"?>
<!-- Generated by org.testng.reporters.JUnitReportReporter -->
<testsuite hostname="DESKTOP-88R09EB" failures="0" tests="2" name="com.test.yaml.YamlDemoTest" time="0.055" errors="0" timestamp="2023-07-17T10:05:56 IST" skipped="0">
  <testcase classname="com.test.yaml.YamlDemoTest" name="testOne" time="0.028"/>
  <system-out/>
  <testcase classname="com.test.yaml.YamlDemoTest" name="testTwo" time="0.027"/>
  <system-out/>
</testsuite> <!-- com.test.yaml.YamlDemoTest -->
