<?xml version="1.0" encoding="UTF-8"?>
<!-- Generated by org.testng.reporters.JUnitReportReporter -->
<testsuite hostname="DESKTOP-88R09EB" failures="0" tests="3" name="com.testng.ignore.IgnoreTest2" time="0.025" errors="0" timestamp="2023-05-16T22:48:27 IST" skipped="0">
  <testcase classname="com.testng.ignore.IgnoreTest2" name="test4" time="0.005"/>
  <system-out/>
  <testcase classname="com.testng.ignore.IgnoreTest2" name="test5" time="0.008"/>
  <system-out/>
  <testcase classname="com.testng.ignore.IgnoreTest2" name="test6" time="0.012"/>
  <system-out/>
</testsuite> <!-- com.testng.ignore.IgnoreTest2 -->
