<?xml version="1.0" encoding="UTF-8"?>
<!-- Generated by org.testng.reporters.JUnitReportReporter -->
<testsuite hostname="DESKTOP-88R09EB" failures="0" tests="1" name="com.tests.Test1" time="5.605" errors="0" timestamp="2023-04-30T14:38:01 IST" skipped="0">
  <testcase classname="com.tests.Test1" name="productsHeadingTest" time="5.605"/>
  <system-out/>
</testsuite> <!-- com.tests.Test1 -->
