<?xml version="1.0" encoding="UTF-8"?>
<!-- Generated by org.testng.reporters.JUnitReportReporter -->
<testsuite hostname="DESKTOP-88R09EB" failures="0" tests="1" name="com.testng.cmd.RunTestNGXMLFromCMD2" time="0.029" errors="0" timestamp="2023-08-13T12:18:22 IST" skipped="0">
  <testcase classname="com.testng.cmd.RunTestNGXMLFromCMD2" name="runTestNGXMLFromCMD" time="0.029"/>
  <system-out/>
</testsuite> <!-- com.testng.cmd.RunTestNGXMLFromCMD2 -->
