<?xml version="1.0" encoding="UTF-8"?>
<!-- Generated by org.testng.reporters.JUnitReportReporter -->
<testsuite hostname="DESKTOP-88R09EB" failures="0" tests="2" name="com.testngconcepts.DescriptionTest" time="0.043" errors="0" timestamp="2023-03-09T23:14:05 IST" skipped="0">
  <testcase classname="com.testngconcepts.DescriptionTest" name="testTwo" time="0.008"/>
  <system-out/>
  <testcase classname="com.testngconcepts.DescriptionTest" name="testOne" time="0.035"/>
  <system-out/>
</testsuite> <!-- com.testngconcepts.DescriptionTest -->
