<?xml version="1.0" encoding="UTF-8"?>
<!-- Generated by org.testng.reporters.JUnitReportReporter -->
<testsuite hostname="DESKTOP-88R09EB" failures="0" tests="1" name="com.testng.dataproviders.UseSpecificSetOfDataFromDataProviderTest" time="0.019" errors="0" timestamp="2023-07-25T00:21:13 IST" skipped="0">
  <testcase classname="com.testng.dataproviders.UseSpecificSetOfDataFromDataProviderTest" name="createUser" time="0.019"/>
  <system-out/>
</testsuite> <!-- com.testng.dataproviders.UseSpecificSetOfDataFromDataProviderTest -->
