<?xml version="1.0" encoding="UTF-8"?>
<!-- Generated by org.testng.reporters.JUnitReportReporter -->
<testsuite hostname="DESKTOP-88R09EB" failures="0" tests="2" name="com.testng.parameters.ParametersAnnotationDemo" time="0.031" errors="0" timestamp="2023-04-28T15:34:15 IST" skipped="0">
  <testcase classname="com.testng.parameters.ParametersAnnotationDemo" name="parametersAnnotationTest" time="0.027"/>
  <system-out/>
  <testcase classname="com.testng.parameters.ParametersAnnotationDemo" name="parametersAnnotationTest" time="0.004"/>
  <system-out/>
</testsuite> <!-- com.testng.parameters.ParametersAnnotationDemo -->
