<?xml version="1.0" encoding="UTF-8"?>
<!-- Generated by org.testng.reporters.JUnitReportReporter -->
<testsuite hostname="DESKTOP-88R09EB" failures="0" tests="1" name="com.testngconcepts.Priority" time="0.020" errors="0" timestamp="09 Mar 2023 16:33:03 GMT" skipped="0">
  <testcase classname="com.testngconcepts.Priority" name="a" time="0.020"/>
</testsuite> <!-- com.testngconcepts.Priority -->
