<?xml version="1.0" encoding="UTF-8"?>
<!-- Generated by org.testng.reporters.JUnitReportReporter -->
<testsuite hostname="DESKTOP-88R09EB" failures="0" tests="2" name="com.testngconcepts.PriorityTest" time="0.020" errors="0" timestamp="2023-03-09T23:08:52 IST" skipped="0">
  <testcase classname="com.testngconcepts.PriorityTest" name="testTwo" time="0.018"/>
  <system-out/>
  <testcase classname="com.testngconcepts.PriorityTest" name="testOne" time="0.002"/>
  <system-out/>
</testsuite> <!-- com.testngconcepts.PriorityTest -->
