<?xml version="1.0" encoding="UTF-8"?>
<!-- Generated by org.testng.reporters.JUnitReportReporter -->
<testsuite hostname="DESKTOP-88R09EB" failures="0" tests="3" name="com.testngconcepts.TestNGSkipExceptionDemo" time="0.031" errors="0" timestamp="2023-07-31T22:11:34 IST" skipped="3">
  <testcase classname="com.testngconcepts.TestNGSkipExceptionDemo" name="logOutTest" time="0.003">
    <skipped/>
  </testcase> <!-- logOutTest -->
  <system-out/>
  <testcase classname="com.testngconcepts.TestNGSkipExceptionDemo" name="forgotPasswordTest" time="0.028">
    <skipped/>
  </testcase> <!-- forgotPasswordTest -->
  <system-out/>
  <testcase classname="com.testngconcepts.TestNGSkipExceptionDemo" name="loginTest">
    <skipped/>
  </testcase> <!-- loginTest -->
  <system-out/>
</testsuite> <!-- com.testngconcepts.TestNGSkipExceptionDemo -->
